This file contains any messages produced by compilers while
running configure, to aid debugging if configure makes a mistake.

It was created by freedom-metal configure v0.1.2, which was
generated by GNU Autoconf 2.69.  Invocation command line was

  $ /home/jelle/Documents/project_embed_netrf/Freedom_workspace/sifive_hifive1_revb_PWM_bare_metal/freedom-metal/configure --host=riscv64-unknown-elf --prefix=/home/jelle/Documents/project_embed_netrf/Freedom_workspace/sifive_hifive1_revb_PWM_bare_metal/bsp/install --libdir=/home/jelle/Documents/project_embed_netrf/Freedom_workspace/sifive_hifive1_revb_PWM_bare_metal/bsp/install/lib/debug --with-builtin-libgloss --with-machine-header=/home/jelle/Documents/project_embed_netrf/Freedom_workspace/sifive_hifive1_revb_PWM_bare_metal/bsp/metal.h --with-machine-inline=/home/jelle/Documents/project_embed_netrf/Freedom_workspace/sifive_hifive1_revb_PWM_bare_metal/bsp/metal-inline.h --with-platform-header=/home/jelle/Documents/project_embed_netrf/Freedom_workspace/sifive_hifive1_revb_PWM_bare_metal/bsp/metal-platform.h

## --------- ##
## Platform. ##
## --------- ##

hostname = pop-os
uname -m = x86_64
uname -r = 5.8.0-7630-generic
uname -s = Linux
uname -v = #32~1609193707~20.04~781bb80-Ubuntu SMP Tue Jan 5 21:23:50 UTC 2

/usr/bin/uname -p = x86_64
/bin/uname -X     = unknown

/bin/arch              = x86_64
/usr/bin/arch -k       = unknown
/usr/convex/getsysinfo = unknown
/usr/bin/hostinfo      = unknown
/bin/machine           = unknown
/usr/bin/oslevel       = unknown
/bin/universe          = unknown

PATH: /home/jelle/Documents/FreedomStudio/SiFive/riscv64-unknown-elf-gcc-8.3.0-2020.04.1/bin
PATH: /home/jelle/Documents/FreedomStudio/SiFive/sdk-utilities-0.1.0-2020.04.0
PATH: /home/jelle/Documents/FreedomStudio/SiFive/riscv64-unknown-elf-gcc-8.3.0-2020.04.1/bin
PATH: /home/jelle/.local/bin
PATH: /usr/local/sbin
PATH: /usr/local/bin
PATH: /usr/sbin
PATH: /usr/bin
PATH: /sbin
PATH: /bin
PATH: /usr/games
PATH: /usr/local/games
PATH: /snap/bin


## ----------- ##
## Core tests. ##
## ----------- ##

configure:1899: checking for a BSD-compatible install
configure:1967: result: /usr/bin/install -c
configure:1978: checking whether build environment is sane
configure:2033: result: yes
configure:2090: checking for riscv64-unknown-elf-strip
configure:2106: found /home/jelle/Documents/FreedomStudio/SiFive/riscv64-unknown-elf-gcc-8.3.0-2020.04.1/bin/riscv64-unknown-elf-strip
configure:2117: result: riscv64-unknown-elf-strip
configure:2182: checking for a thread-safe mkdir -p
configure:2221: result: /usr/bin/mkdir -p
configure:2228: checking for gawk
configure:2244: found /usr/bin/gawk
configure:2255: result: gawk
configure:2266: checking whether make sets $(MAKE)
configure:2288: result: yes
configure:2317: checking whether make supports nested variables
configure:2334: result: yes
configure:2461: checking whether to enable maintainer-specific portions of Makefiles
configure:2470: result: no
configure:2489: checking build system type
configure:2503: result: x86_64-pc-linux-gnu
configure:2523: checking host system type
configure:2536: result: riscv64-unknown-elf
configure:2566: checking for riscv64-unknown-elf-gcc
configure:2582: found /home/jelle/Documents/FreedomStudio/SiFive/riscv64-unknown-elf-gcc-8.3.0-2020.04.1/bin/riscv64-unknown-elf-gcc
configure:2593: result: riscv64-unknown-elf-gcc
configure:2862: checking for C compiler version
configure:2871: riscv64-unknown-elf-gcc --version >&5
riscv64-unknown-elf-gcc (SiFive GCC 8.3.0-2020.04.1) 8.3.0
Copyright (C) 2018 Free Software Foundation, Inc.
This is free software; see the source for copying conditions.  There is NO
warranty; not even for MERCHANTABILITY or FITNESS FOR A PARTICULAR PURPOSE.

configure:2882: $? = 0
configure:2871: riscv64-unknown-elf-gcc -v >&5
Using built-in specs.
COLLECT_GCC=riscv64-unknown-elf-gcc
COLLECT_LTO_WRAPPER=/home/jelle/Documents/FreedomStudio/SiFive/riscv64-unknown-elf-gcc-8.3.0-2020.04.1/bin/../libexec/gcc/riscv64-unknown-elf/8.3.0/lto-wrapper
Target: riscv64-unknown-elf
Configured with: /scratch/jenkins/workspace/tpp-freedom-tools/tpp04--build-binary-packages--parameterized/obj/x86_64-linux-centos6/build/riscv-gnu-toolchain/riscv-gcc/configure --target=riscv64-unknown-elf --prefix=/scratch/jenkins/workspace/tpp-freedom-tools/tpp04--build-binary-packages--parameterized/obj/x86_64-linux-centos6/install/riscv64-unknown-elf-gcc-8.3.0-2020.04.1-x86_64-linux-centos6 --with-pkgversion='SiFive GCC 8.3.0-2020.04.1' --with-bugurl=https://github.com/sifive/freedom-tools/issues --disable-shared --disable-threads --enable-languages=c,c++ --enable-tls --with-newlib --with-sysroot=/scratch/jenkins/workspace/tpp-freedom-tools/tpp04--build-binary-packages--parameterized/obj/x86_64-linux-centos6/install/riscv64-unknown-elf-gcc-8.3.0-2020.04.1-x86_64-linux-centos6/riscv64-unknown-elf --with-native-system-header-dir=/include --disable-libmudflap --disable-libssp --disable-libquadmath --disable-libgomp --disable-nls --disable-tm-clone-registry --src=../riscv-gcc --with-system-zlib --enable-checking=yes --enable-multilib --with-abi=lp64d --with-arch=rv64imafdc CFLAGS=-O2 CXXFLAGS=-O2 'CFLAGS_FOR_TARGET=-Os  -mcmodel=medany' 'CXXFLAGS_FOR_TARGET=-Os  -mcmodel=medany'
Thread model: single
gcc version 8.3.0 (SiFive GCC 8.3.0-2020.04.1) 
configure:2882: $? = 0
configure:2871: riscv64-unknown-elf-gcc -V >&5
riscv64-unknown-elf-gcc: error: unrecognized command line option '-V'
riscv64-unknown-elf-gcc: fatal error: no input files
compilation terminated.
configure:2882: $? = 1
configure:2871: riscv64-unknown-elf-gcc -qversion >&5
riscv64-unknown-elf-gcc: error: unrecognized command line option '-qversion'; did you mean '--version'?
riscv64-unknown-elf-gcc: fatal error: no input files
compilation terminated.
configure:2882: $? = 1
configure:2902: checking whether the C compiler works
configure:2924: riscv64-unknown-elf-gcc -march=rv32imac -mabi=ilp32 -mcmodel=medlow -ffunction-sections -fdata-sections -I/home/jelle/Documents/project_embed_netrf/Freedom_workspace/sifive_hifive1_revb_PWM_bare_metal/bsp/install/include --specs=nano.specs -DMTIME_RATE_HZ_DEF=32768 -O0 -g   conftest.c  >&5
configure:2928: $? = 0
configure:2976: result: yes
configure:2979: checking for C compiler default output file name
configure:2981: result: a.out
configure:2987: checking for suffix of executables
configure:2994: riscv64-unknown-elf-gcc -o conftest -march=rv32imac -mabi=ilp32 -mcmodel=medlow -ffunction-sections -fdata-sections -I/home/jelle/Documents/project_embed_netrf/Freedom_workspace/sifive_hifive1_revb_PWM_bare_metal/bsp/install/include --specs=nano.specs -DMTIME_RATE_HZ_DEF=32768 -O0 -g   conftest.c  >&5
configure:2998: $? = 0
configure:3020: result: 
configure:3042: checking whether we are cross compiling
configure:3050: riscv64-unknown-elf-gcc -o conftest -march=rv32imac -mabi=ilp32 -mcmodel=medlow -ffunction-sections -fdata-sections -I/home/jelle/Documents/project_embed_netrf/Freedom_workspace/sifive_hifive1_revb_PWM_bare_metal/bsp/install/include --specs=nano.specs -DMTIME_RATE_HZ_DEF=32768 -O0 -g   conftest.c  >&5
configure:3054: $? = 0
configure:3061: ./conftest
/home/jelle/Documents/project_embed_netrf/Freedom_workspace/sifive_hifive1_revb_PWM_bare_metal/freedom-metal/configure: line 3063: ./conftest: cannot execute binary file: Exec format error
configure:3065: $? = 126
configure:3053: result: yes
configure:3058: checking for suffix of object files
configure:3080: riscv64-unknown-elf-gcc -c -march=rv32imac -mabi=ilp32 -mcmodel=medlow -ffunction-sections -fdata-sections -I/home/jelle/Documents/project_embed_netrf/Freedom_workspace/sifive_hifive1_revb_PWM_bare_metal/bsp/install/include --specs=nano.specs -DMTIME_RATE_HZ_DEF=32768 -O0 -g  conftest.c >&5
configure:3084: $? = 0
configure:3105: result: o
configure:3109: checking whether we are using the GNU C compiler
configure:3128: riscv64-unknown-elf-gcc -c -march=rv32imac -mabi=ilp32 -mcmodel=medlow -ffunction-sections -fdata-sections -I/home/jelle/Documents/project_embed_netrf/Freedom_workspace/sifive_hifive1_revb_PWM_bare_metal/bsp/install/include --specs=nano.specs -DMTIME_RATE_HZ_DEF=32768 -O0 -g  conftest.c >&5
configure:3128: $? = 0
configure:3137: result: yes
configure:3146: checking whether riscv64-unknown-elf-gcc accepts -g
configure:3166: riscv64-unknown-elf-gcc -c -g  conftest.c >&5
configure:3166: $? = 0
configure:3207: result: yes
configure:3224: checking for riscv64-unknown-elf-gcc option to accept ISO C89
configure:3287: riscv64-unknown-elf-gcc  -c -march=rv32imac -mabi=ilp32 -mcmodel=medlow -ffunction-sections -fdata-sections -I/home/jelle/Documents/project_embed_netrf/Freedom_workspace/sifive_hifive1_revb_PWM_bare_metal/bsp/install/include --specs=nano.specs -DMTIME_RATE_HZ_DEF=32768 -O0 -g  conftest.c >&5
configure:3287: $? = 0
configure:3300: result: none needed
configure:3325: checking whether riscv64-unknown-elf-gcc understands -c and -o together
configure:3347: riscv64-unknown-elf-gcc -c conftest.c -o conftest2.o
configure:3350: $? = 0
configure:3347: riscv64-unknown-elf-gcc -c conftest.c -o conftest2.o
configure:3350: $? = 0
configure:3362: result: yes
configure:3390: checking for style of include used by make
configure:3418: result: GNU
configure:3444: checking dependency style of riscv64-unknown-elf-gcc
configure:3555: result: gcc3
configure:3573: checking for riscv64-unknown-elf-ranlib
configure:3589: found /home/jelle/Documents/FreedomStudio/SiFive/riscv64-unknown-elf-gcc-8.3.0-2020.04.1/bin/riscv64-unknown-elf-ranlib
configure:3600: result: riscv64-unknown-elf-ranlib
configure:3668: checking for riscv64-unknown-elf-ar
configure:3684: found /home/jelle/Documents/FreedomStudio/SiFive/riscv64-unknown-elf-gcc-8.3.0-2020.04.1/bin/riscv64-unknown-elf-ar
configure:3695: result: riscv64-unknown-elf-ar
configure:3765: checking the archiver (riscv64-unknown-elf-ar) interface
configure:3781: riscv64-unknown-elf-gcc -c -march=rv32imac -mabi=ilp32 -mcmodel=medlow -ffunction-sections -fdata-sections -I/home/jelle/Documents/project_embed_netrf/Freedom_workspace/sifive_hifive1_revb_PWM_bare_metal/bsp/install/include --specs=nano.specs -DMTIME_RATE_HZ_DEF=32768 -O0 -g  conftest.c >&5
configure:3781: $? = 0
configure:3783: riscv64-unknown-elf-ar cru libconftest.a conftest.o >&5
configure:3786: $? = 0
configure:3785: result: ar
configure:3814: checking dependency style of riscv64-unknown-elf-gcc
configure:3923: result: gcc3
configure:3959: riscv64-unknown-elf-gcc -c -march=rv32imac -mabi=ilp32 -mcmodel=medlow -ffunction-sections -fdata-sections -I/home/jelle/Documents/project_embed_netrf/Freedom_workspace/sifive_hifive1_revb_PWM_bare_metal/bsp/install/include --specs=nano.specs -DMTIME_RATE_HZ_DEF=32768 -O0 -g  conftest.c >&5
configure:3959: $? = 0
configure:4219: checking that generated files are newer than configure
configure:4225: result: done
configure:4264: creating ./config.status

## ---------------------- ##
## Running config.status. ##
## ---------------------- ##

This file was extended by freedom-metal config.status v0.1.2, which was
generated by GNU Autoconf 2.69.  Invocation command line was

  CONFIG_FILES    = 
  CONFIG_HEADERS  = 
  CONFIG_LINKS    = 
  CONFIG_COMMANDS = 
  $ ./config.status 

on pop-os

config.status:799: creating Makefile
config.status:956: executing depfiles commands

## ---------------- ##
## Cache variables. ##
## ---------------- ##

ac_cv_build=x86_64-pc-linux-gnu
ac_cv_c_compiler_gnu=yes
ac_cv_env_CCASFLAGS_set=
ac_cv_env_CCASFLAGS_value=
ac_cv_env_CCAS_set=
ac_cv_env_CCAS_value=
ac_cv_env_CC_set=
ac_cv_env_CC_value=
ac_cv_env_CFLAGS_set=set
ac_cv_env_CFLAGS_value='-march=rv32imac -mabi=ilp32 -mcmodel=medlow -ffunction-sections -fdata-sections -I/home/jelle/Documents/project_embed_netrf/Freedom_workspace/sifive_hifive1_revb_PWM_bare_metal/bsp/install/include --specs=nano.specs -DMTIME_RATE_HZ_DEF=32768 -O0 -g'
ac_cv_env_CPPFLAGS_set=
ac_cv_env_CPPFLAGS_value=
ac_cv_env_LDFLAGS_set=
ac_cv_env_LDFLAGS_value=
ac_cv_env_LIBS_set=
ac_cv_env_LIBS_value=
ac_cv_env_build_alias_set=
ac_cv_env_build_alias_value=
ac_cv_env_host_alias_set=set
ac_cv_env_host_alias_value=riscv64-unknown-elf
ac_cv_env_target_alias_set=
ac_cv_env_target_alias_value=
ac_cv_host=riscv64-unknown-elf
ac_cv_objext=o
ac_cv_path_install='/usr/bin/install -c'
ac_cv_path_mkdir=/usr/bin/mkdir
ac_cv_prog_AR=riscv64-unknown-elf-ar
ac_cv_prog_AWK=gawk
ac_cv_prog_CC=riscv64-unknown-elf-gcc
ac_cv_prog_RANLIB=riscv64-unknown-elf-ranlib
ac_cv_prog_STRIP=riscv64-unknown-elf-strip
ac_cv_prog_cc_c89=
ac_cv_prog_cc_g=yes
ac_cv_prog_make_make_set=yes
am_cv_CCAS_dependencies_compiler_type=gcc3
am_cv_CC_dependencies_compiler_type=gcc3
am_cv_ar_interface=ar
am_cv_make_support_nested_variables=yes
am_cv_prog_cc_c_o=yes

## ----------------- ##
## Output variables. ##
## ----------------- ##

ACLOCAL='${SHELL} /home/jelle/Documents/project_embed_netrf/Freedom_workspace/sifive_hifive1_revb_PWM_bare_metal/freedom-metal/missing aclocal-1.15'
AMDEPBACKSLASH='\'
AMDEP_FALSE='#'
AMDEP_TRUE=''
AMTAR='$${TAR-tar}'
AM_BACKSLASH='\'
AM_DEFAULT_V='$(AM_DEFAULT_VERBOSITY)'
AM_DEFAULT_VERBOSITY='1'
AM_V='$(V)'
AR='riscv64-unknown-elf-ar'
AUTOCONF='${SHELL} /home/jelle/Documents/project_embed_netrf/Freedom_workspace/sifive_hifive1_revb_PWM_bare_metal/freedom-metal/missing autoconf'
AUTOHEADER='${SHELL} /home/jelle/Documents/project_embed_netrf/Freedom_workspace/sifive_hifive1_revb_PWM_bare_metal/freedom-metal/missing autoheader'
AUTOMAKE='${SHELL} /home/jelle/Documents/project_embed_netrf/Freedom_workspace/sifive_hifive1_revb_PWM_bare_metal/freedom-metal/missing automake-1.15'
AWK='gawk'
CC='riscv64-unknown-elf-gcc'
CCAS='riscv64-unknown-elf-gcc'
CCASDEPMODE='depmode=gcc3'
CCASFLAGS='-march=rv32imac -mabi=ilp32 -mcmodel=medlow -ffunction-sections -fdata-sections -I/home/jelle/Documents/project_embed_netrf/Freedom_workspace/sifive_hifive1_revb_PWM_bare_metal/bsp/install/include --specs=nano.specs -DMTIME_RATE_HZ_DEF=32768 -O0 -g'
CCDEPMODE='depmode=gcc3'
CFLAGS='-march=rv32imac -mabi=ilp32 -mcmodel=medlow -ffunction-sections -fdata-sections -I/home/jelle/Documents/project_embed_netrf/Freedom_workspace/sifive_hifive1_revb_PWM_bare_metal/bsp/install/include --specs=nano.specs -DMTIME_RATE_HZ_DEF=32768 -O0 -g'
CPPFLAGS=''
CYGPATH_W='echo'
DEFS='-DPACKAGE_NAME=\"freedom-metal\" -DPACKAGE_TARNAME=\"freedom-metal\" -DPACKAGE_VERSION=\"v0.1.2\" -DPACKAGE_STRING=\"freedom-metal\ v0.1.2\" -DPACKAGE_BUGREPORT=\"https://github.com/sifive/freedom-metal/issues\" -DPACKAGE_URL=\"https://github.com/sifive/freedom-metal\" -DPACKAGE=\"freedom-metal\" -DVERSION=\"v0.1.2\"'
DEPDIR='.deps'
ECHO_C=''
ECHO_N='-n'
ECHO_T=''
EXEEXT=''
INSTALL_DATA='${INSTALL} -m 644'
INSTALL_PROGRAM='${INSTALL}'
INSTALL_SCRIPT='${INSTALL}'
INSTALL_STRIP_PROGRAM='$(install_sh) -c -s'
LDFLAGS=''
LIBOBJS=''
LIBS=''
LTLIBOBJS=''
MACHINE_HEADER='/home/jelle/Documents/project_embed_netrf/Freedom_workspace/sifive_hifive1_revb_PWM_bare_metal/bsp/metal.h'
MACHINE_INLINE='/home/jelle/Documents/project_embed_netrf/Freedom_workspace/sifive_hifive1_revb_PWM_bare_metal/bsp/metal-inline.h'
MAINT='#'
MAINTAINER_MODE_FALSE=''
MAINTAINER_MODE_TRUE='#'
MAKEINFO='${SHELL} /home/jelle/Documents/project_embed_netrf/Freedom_workspace/sifive_hifive1_revb_PWM_bare_metal/freedom-metal/missing makeinfo'
MKDIR_P='/usr/bin/mkdir -p'
OBJEXT='o'
PACKAGE='freedom-metal'
PACKAGE_BUGREPORT='https://github.com/sifive/freedom-metal/issues'
PACKAGE_NAME='freedom-metal'
PACKAGE_STRING='freedom-metal v0.1.2'
PACKAGE_TARNAME='freedom-metal'
PACKAGE_URL='https://github.com/sifive/freedom-metal'
PACKAGE_VERSION='v0.1.2'
PATH_SEPARATOR=':'
PLATFORM_HEADER='/home/jelle/Documents/project_embed_netrf/Freedom_workspace/sifive_hifive1_revb_PWM_bare_metal/bsp/metal-platform.h'
RANLIB='riscv64-unknown-elf-ranlib'
SET_MAKE=''
SHELL='/bin/bash'
STRIP='riscv64-unknown-elf-strip'
VERSION='v0.1.2'
WITH_BUILTIN_LIBGLOSS_FALSE='#'
WITH_BUILTIN_LIBGLOSS_TRUE=''
WITH_BUILTIN_LIBMETAL_PICO_FALSE=''
WITH_BUILTIN_LIBMETAL_PICO_TRUE='#'
ac_ct_AR=''
ac_ct_CC=''
am__EXEEXT_FALSE=''
am__EXEEXT_TRUE='#'
am__fastdepCCAS_FALSE='#'
am__fastdepCCAS_TRUE=''
am__fastdepCC_FALSE='#'
am__fastdepCC_TRUE=''
am__include='include'
am__isrc=' -I$(srcdir)'
am__leading_dot='.'
am__nodep='_no'
am__quote=''
am__tar='$${TAR-tar} chof - "$$tardir"'
am__untar='$${TAR-tar} xf -'
bindir='${exec_prefix}/bin'
build='x86_64-pc-linux-gnu'
build_alias=''
build_cpu='x86_64'
build_os='linux-gnu'
build_vendor='pc'
datadir='${datarootdir}'
datarootdir='${prefix}/share'
docdir='${datarootdir}/doc/${PACKAGE_TARNAME}'
dvidir='${docdir}'
exec_prefix='${prefix}'
host='riscv64-unknown-elf'
host_alias='riscv64-unknown-elf'
host_cpu='riscv64'
host_os='elf'
host_vendor='unknown'
htmldir='${docdir}'
includedir='${prefix}/include'
infodir='${datarootdir}/info'
install_sh='${SHELL} /home/jelle/Documents/project_embed_netrf/Freedom_workspace/sifive_hifive1_revb_PWM_bare_metal/freedom-metal/install-sh'
libdir='/home/jelle/Documents/project_embed_netrf/Freedom_workspace/sifive_hifive1_revb_PWM_bare_metal/bsp/install/lib/debug'
libexecdir='${exec_prefix}/libexec'
localedir='${datarootdir}/locale'
localstatedir='${prefix}/var'
mandir='${datarootdir}/man'
mkdir_p='$(MKDIR_P)'
oldincludedir='/usr/include'
pdfdir='${docdir}'
prefix='/home/jelle/Documents/project_embed_netrf/Freedom_workspace/sifive_hifive1_revb_PWM_bare_metal/bsp/install'
program_transform_name='s,x,x,'
psdir='${docdir}'
runstatedir='${localstatedir}/run'
sbindir='${exec_prefix}/sbin'
sharedstatedir='${prefix}/com'
sysconfdir='${prefix}/etc'
target_alias=''

## ----------- ##
## confdefs.h. ##
## ----------- ##

/* confdefs.h */
#define PACKAGE_NAME "freedom-metal"
#define PACKAGE_TARNAME "freedom-metal"
#define PACKAGE_VERSION "v0.1.2"
#define PACKAGE_STRING "freedom-metal v0.1.2"
#define PACKAGE_BUGREPORT "https://github.com/sifive/freedom-metal/issues"
#define PACKAGE_URL "https://github.com/sifive/freedom-metal"
#define PACKAGE "freedom-metal"
#define VERSION "v0.1.2"

configure: exit 0
